[ 2017-11-08T00:00:50+08:00 ] ::1 /yzm/index.php/Home/User/export
ERR: 1146:Table 'shzu.imformationshzu' doesn't exist
 [ SQL语句 ] : SHOW COLUMNS FROM `imformationshzu`
ERR: 1146:Table 'shzu.imformationshzu' doesn't exist
 [ SQL语句 ] : SELECT * FROM `imformationshzu` 

[ 2017-11-08T00:00:50+08:00 ] ::1 /yzm/index.php/Home/User/export
ERR: 1146:Table 'shzu.imformationshzu' doesn't exist
 [ SQL语句 ] : SHOW COLUMNS FROM `imformationshzu`
ERR: 1146:Table 'shzu.imformationshzu' doesn't exist
 [ SQL语句 ] : SELECT * FROM `imformationshzu` 

[ 2017-11-08T00:07:31+08:00 ] ::1 /yzm/index.php/Home/User/export
ERR: 1146:Table 'shzu.shzu_shzu' doesn't exist
 [ SQL语句 ] : SELECT * FROM `shzu_shzu` 

[ 2017-11-08T00:07:32+08:00 ] ::1 /yzm/index.php/Home/User/export
ERR: 1146:Table 'shzu.shzu_shzu' doesn't exist
 [ SQL语句 ] : SELECT * FROM `shzu_shzu` 

[ 2017-11-08T00:07:48+08:00 ] ::1 /yzm/index.php/Home/User/export
ERR: 1146:Table 'shzu.shzu_shzu' doesn't exist
 [ SQL语句 ] : SELECT * FROM `shzu_shzu` 

[ 2017-11-08T00:07:50+08:00 ] ::1 /yzm/index.php/Home/User/export
ERR: 1146:Table 'shzu.shzu_shzu' doesn't exist
 [ SQL语句 ] : SELECT * FROM `shzu_shzu` 

[ 2017-11-08T00:07:57+08:00 ] ::1 /yzm/index.php/Home/User/export
ERR: 1146:Table 'shzu.shzu_shzu' doesn't exist
 [ SQL语句 ] : SELECT * FROM `shzu_shzu` 

[ 2017-11-08T00:07:57+08:00 ] ::1 /yzm/index.php/Home/User/export
ERR: 1146:Table 'shzu.shzu_shzu' doesn't exist
 [ SQL语句 ] : SELECT * FROM `shzu_shzu` 

[ 2017-11-08T00:10:06+08:00 ] ::1 /yzm/index.php/Home/User/export
ERR: 1146:Table 'shzu.shzu_user' doesn't exist
 [ SQL语句 ] : SHOW COLUMNS FROM `shzu_user`
ERR: 1146:Table 'shzu.shzu_user' doesn't exist
 [ SQL语句 ] : SELECT * FROM `shzu_user` 

[ 2017-11-08T00:10:06+08:00 ] ::1 /yzm/index.php/Home/User/export
ERR: 1146:Table 'shzu.shzu_user' doesn't exist
 [ SQL语句 ] : SHOW COLUMNS FROM `shzu_user`
ERR: 1146:Table 'shzu.shzu_user' doesn't exist
 [ SQL语句 ] : SELECT * FROM `shzu_user` 

[ 2017-11-08T00:13:57+08:00 ] ::1 /yzm/index.php/Home/User/eximport
ERR: 1146:Table 'shzu.shzu_shzu' doesn't exist
 [ SQL语句 ] : INSERT INTO `shzu_shzu` (`username`,`password`) VALUES (1701210370,null)
ERR: 1146:Table 'shzu.shzu_shzu' doesn't exist
 [ SQL语句 ] : INSERT INTO `shzu_shzu` (`username`,`password`) VALUES (1701210366,null)
ERR: 1146:Table 'shzu.shzu_shzu' doesn't exist
 [ SQL语句 ] : INSERT INTO `shzu_shzu` (`username`,`password`) VALUES (3701210368,null)
ERR: 1146:Table 'shzu.shzu_shzu' doesn't exist
 [ SQL语句 ] : INSERT INTO `shzu_shzu` (`username`,`password`) VALUES (null,null)
ERR: 1146:Table 'shzu.shzu_shzu' doesn't exist
 [ SQL语句 ] : INSERT INTO `shzu_shzu` (`username`,`password`) VALUES (null,null)
ERR: 1146:Table 'shzu.shzu_shzu' doesn't exist
 [ SQL语句 ] : INSERT INTO `shzu_shzu` (`username`,`password`) VALUES (null,null)
ERR: 1146:Table 'shzu.shzu_shzu' doesn't exist
 [ SQL语句 ] : INSERT INTO `shzu_shzu` (`username`,`password`) VALUES (null,null)
ERR: 1146:Table 'shzu.shzu_shzu' doesn't exist
 [ SQL语句 ] : INSERT INTO `shzu_shzu` (`username`,`password`) VALUES (null,null)
ERR: 1146:Table 'shzu.shzu_shzu' doesn't exist
 [ SQL语句 ] : INSERT INTO `shzu_shzu` (`username`,`password`) VALUES (null,null)
ERR: 1146:Table 'shzu.shzu_shzu' doesn't exist
 [ SQL语句 ] : INSERT INTO `shzu_shzu` (`username`,`password`) VALUES (null,null)
ERR: 1146:Table 'shzu.shzu_shzu' doesn't exist
 [ SQL语句 ] : INSERT INTO `shzu_shzu` (`username`,`password`) VALUES (null,null)
ERR: 1146:Table 'shzu.shzu_shzu' doesn't exist
 [ SQL语句 ] : INSERT INTO `shzu_shzu` (`username`,`password`) VALUES (null,null)
ERR: 1146:Table 'shzu.shzu_shzu' doesn't exist
 [ SQL语句 ] : INSERT INTO `shzu_shzu` (`username`,`password`) VALUES (null,null)
ERR: 1146:Table 'shzu.shzu_shzu' doesn't exist
 [ SQL语句 ] : INSERT INTO `shzu_shzu` (`username`,`password`) VALUES (null,null)
ERR: 1146:Table 'shzu.shzu_shzu' doesn't exist
 [ SQL语句 ] : INSERT INTO `shzu_shzu` (`username`,`password`) VALUES (null,null)
ERR: 1146:Table 'shzu.shzu_shzu' doesn't exist
 [ SQL语句 ] : INSERT INTO `shzu_shzu` (`username`,`password`) VALUES (null,null)
ERR: 1146:Table 'shzu.shzu_shzu' doesn't exist
 [ SQL语句 ] : INSERT INTO `shzu_shzu` (`username`,`password`) VALUES (null,null)

[ 2017-11-08T00:15:06+08:00 ] ::1 /yzm/index.php/Home/User/eximport
ERR: 1146:Table 'shzu.shzu_shzu' doesn't exist
 [ SQL语句 ] : INSERT INTO `shzu_shzu` (`username`,`password`) VALUES (1701210370,null)
ERR: 1146:Table 'shzu.shzu_shzu' doesn't exist
 [ SQL语句 ] : INSERT INTO `shzu_shzu` (`username`,`password`) VALUES (1701210366,null)
ERR: 1146:Table 'shzu.shzu_shzu' doesn't exist
 [ SQL语句 ] : INSERT INTO `shzu_shzu` (`username`,`password`) VALUES (3701210368,null)
ERR: 1146:Table 'shzu.shzu_shzu' doesn't exist
 [ SQL语句 ] : INSERT INTO `shzu_shzu` (`username`,`password`) VALUES (null,null)
ERR: 1146:Table 'shzu.shzu_shzu' doesn't exist
 [ SQL语句 ] : INSERT INTO `shzu_shzu` (`username`,`password`) VALUES (null,null)
ERR: 1146:Table 'shzu.shzu_shzu' doesn't exist
 [ SQL语句 ] : INSERT INTO `shzu_shzu` (`username`,`password`) VALUES (null,null)
ERR: 1146:Table 'shzu.shzu_shzu' doesn't exist
 [ SQL语句 ] : INSERT INTO `shzu_shzu` (`username`,`password`) VALUES (null,null)
ERR: 1146:Table 'shzu.shzu_shzu' doesn't exist
 [ SQL语句 ] : INSERT INTO `shzu_shzu` (`username`,`password`) VALUES (null,null)
ERR: 1146:Table 'shzu.shzu_shzu' doesn't exist
 [ SQL语句 ] : INSERT INTO `shzu_shzu` (`username`,`password`) VALUES (null,null)
ERR: 1146:Table 'shzu.shzu_shzu' doesn't exist
 [ SQL语句 ] : INSERT INTO `shzu_shzu` (`username`,`password`) VALUES (null,null)
ERR: 1146:Table 'shzu.shzu_shzu' doesn't exist
 [ SQL语句 ] : INSERT INTO `shzu_shzu` (`username`,`password`) VALUES (null,null)
ERR: 1146:Table 'shzu.shzu_shzu' doesn't exist
 [ SQL语句 ] : INSERT INTO `shzu_shzu` (`username`,`password`) VALUES (null,null)
ERR: 1146:Table 'shzu.shzu_shzu' doesn't exist
 [ SQL语句 ] : INSERT INTO `shzu_shzu` (`username`,`password`) VALUES (null,null)
ERR: 1146:Table 'shzu.shzu_shzu' doesn't exist
 [ SQL语句 ] : INSERT INTO `shzu_shzu` (`username`,`password`) VALUES (null,null)
ERR: 1146:Table 'shzu.shzu_shzu' doesn't exist
 [ SQL语句 ] : INSERT INTO `shzu_shzu` (`username`,`password`) VALUES (null,null)
ERR: 1146:Table 'shzu.shzu_shzu' doesn't exist
 [ SQL语句 ] : INSERT INTO `shzu_shzu` (`username`,`password`) VALUES (null,null)
ERR: 1146:Table 'shzu.shzu_shzu' doesn't exist
 [ SQL语句 ] : INSERT INTO `shzu_shzu` (`username`,`password`) VALUES (null,null)

[ 2017-11-08T00:17:14+08:00 ] ::1 /yzm/index.php/Home/User/eximport
ERR: 1048:Column 'password' cannot be null
 [ SQL语句 ] : INSERT INTO `shzu_imformation` (`username`,`password`) VALUES (1701210370,null)
ERR: 1048:Column 'password' cannot be null
 [ SQL语句 ] : INSERT INTO `shzu_imformation` (`username`,`password`) VALUES (1701210366,null)
ERR: 1048:Column 'password' cannot be null
 [ SQL语句 ] : INSERT INTO `shzu_imformation` (`username`,`password`) VALUES (3701210368,null)
ERR: 1048:Column 'username' cannot be null
 [ SQL语句 ] : INSERT INTO `shzu_imformation` (`username`,`password`) VALUES (null,null)
ERR: 1048:Column 'username' cannot be null
 [ SQL语句 ] : INSERT INTO `shzu_imformation` (`username`,`password`) VALUES (null,null)
ERR: 1048:Column 'username' cannot be null
 [ SQL语句 ] : INSERT INTO `shzu_imformation` (`username`,`password`) VALUES (null,null)
ERR: 1048:Column 'username' cannot be null
 [ SQL语句 ] : INSERT INTO `shzu_imformation` (`username`,`password`) VALUES (null,null)
ERR: 1048:Column 'username' cannot be null
 [ SQL语句 ] : INSERT INTO `shzu_imformation` (`username`,`password`) VALUES (null,null)
ERR: 1048:Column 'username' cannot be null
 [ SQL语句 ] : INSERT INTO `shzu_imformation` (`username`,`password`) VALUES (null,null)
ERR: 1048:Column 'username' cannot be null
 [ SQL语句 ] : INSERT INTO `shzu_imformation` (`username`,`password`) VALUES (null,null)
ERR: 1048:Column 'username' cannot be null
 [ SQL语句 ] : INSERT INTO `shzu_imformation` (`username`,`password`) VALUES (null,null)
ERR: 1048:Column 'username' cannot be null
 [ SQL语句 ] : INSERT INTO `shzu_imformation` (`username`,`password`) VALUES (null,null)
ERR: 1048:Column 'username' cannot be null
 [ SQL语句 ] : INSERT INTO `shzu_imformation` (`username`,`password`) VALUES (null,null)
ERR: 1048:Column 'username' cannot be null
 [ SQL语句 ] : INSERT INTO `shzu_imformation` (`username`,`password`) VALUES (null,null)
ERR: 1048:Column 'username' cannot be null
 [ SQL语句 ] : INSERT INTO `shzu_imformation` (`username`,`password`) VALUES (null,null)
ERR: 1048:Column 'username' cannot be null
 [ SQL语句 ] : INSERT INTO `shzu_imformation` (`username`,`password`) VALUES (null,null)
ERR: 1048:Column 'username' cannot be null
 [ SQL语句 ] : INSERT INTO `shzu_imformation` (`username`,`password`) VALUES (null,null)

[ 2017-11-08T00:18:25+08:00 ] ::1 /yzm/index.php/Home/User/eximport
ERR: 1048:Column 'password' cannot be null
 [ SQL语句 ] : INSERT INTO `shzu_imformation` (`username`,`password`) VALUES (1701210370,null)
ERR: 1048:Column 'password' cannot be null
 [ SQL语句 ] : INSERT INTO `shzu_imformation` (`username`,`password`) VALUES (1701210366,null)
ERR: 1048:Column 'password' cannot be null
 [ SQL语句 ] : INSERT INTO `shzu_imformation` (`username`,`password`) VALUES (3701210368,null)
ERR: 1048:Column 'username' cannot be null
 [ SQL语句 ] : INSERT INTO `shzu_imformation` (`username`,`password`) VALUES (null,null)
ERR: 1048:Column 'username' cannot be null
 [ SQL语句 ] : INSERT INTO `shzu_imformation` (`username`,`password`) VALUES (null,null)
ERR: 1048:Column 'username' cannot be null
 [ SQL语句 ] : INSERT INTO `shzu_imformation` (`username`,`password`) VALUES (null,null)
ERR: 1048:Column 'username' cannot be null
 [ SQL语句 ] : INSERT INTO `shzu_imformation` (`username`,`password`) VALUES (null,null)
ERR: 1048:Column 'username' cannot be null
 [ SQL语句 ] : INSERT INTO `shzu_imformation` (`username`,`password`) VALUES (null,null)
ERR: 1048:Column 'username' cannot be null
 [ SQL语句 ] : INSERT INTO `shzu_imformation` (`username`,`password`) VALUES (null,null)
ERR: 1048:Column 'username' cannot be null
 [ SQL语句 ] : INSERT INTO `shzu_imformation` (`username`,`password`) VALUES (null,null)
ERR: 1048:Column 'username' cannot be null
 [ SQL语句 ] : INSERT INTO `shzu_imformation` (`username`,`password`) VALUES (null,null)
ERR: 1048:Column 'username' cannot be null
 [ SQL语句 ] : INSERT INTO `shzu_imformation` (`username`,`password`) VALUES (null,null)
ERR: 1048:Column 'username' cannot be null
 [ SQL语句 ] : INSERT INTO `shzu_imformation` (`username`,`password`) VALUES (null,null)
ERR: 1048:Column 'username' cannot be null
 [ SQL语句 ] : INSERT INTO `shzu_imformation` (`username`,`password`) VALUES (null,null)
ERR: 1048:Column 'username' cannot be null
 [ SQL语句 ] : INSERT INTO `shzu_imformation` (`username`,`password`) VALUES (null,null)
ERR: 1048:Column 'username' cannot be null
 [ SQL语句 ] : INSERT INTO `shzu_imformation` (`username`,`password`) VALUES (null,null)
ERR: 1048:Column 'username' cannot be null
 [ SQL语句 ] : INSERT INTO `shzu_imformation` (`username`,`password`) VALUES (null,null)

[ 2017-11-08T00:20:57+08:00 ] ::1 /yzm/index.php/Home/User/eximport
ERR: 1048:Column 'username' cannot be null
 [ SQL语句 ] : INSERT INTO `shzu_imformation` (`username`,`password`) VALUES (null,null)
ERR: 1048:Column 'username' cannot be null
 [ SQL语句 ] : INSERT INTO `shzu_imformation` (`username`,`password`) VALUES (null,null)
ERR: 1048:Column 'username' cannot be null
 [ SQL语句 ] : INSERT INTO `shzu_imformation` (`username`,`password`) VALUES (null,null)
ERR: 1048:Column 'username' cannot be null
 [ SQL语句 ] : INSERT INTO `shzu_imformation` (`username`,`password`) VALUES (null,null)
ERR: 1048:Column 'username' cannot be null
 [ SQL语句 ] : INSERT INTO `shzu_imformation` (`username`,`password`) VALUES (null,null)
ERR: 1048:Column 'username' cannot be null
 [ SQL语句 ] : INSERT INTO `shzu_imformation` (`username`,`password`) VALUES (null,null)
ERR: 1048:Column 'username' cannot be null
 [ SQL语句 ] : INSERT INTO `shzu_imformation` (`username`,`password`) VALUES (null,null)
ERR: 1048:Column 'username' cannot be null
 [ SQL语句 ] : INSERT INTO `shzu_imformation` (`username`,`password`) VALUES (null,null)
ERR: 1048:Column 'username' cannot be null
 [ SQL语句 ] : INSERT INTO `shzu_imformation` (`username`,`password`) VALUES (null,null)
ERR: 1048:Column 'username' cannot be null
 [ SQL语句 ] : INSERT INTO `shzu_imformation` (`username`,`password`) VALUES (null,null)
ERR: 1048:Column 'username' cannot be null
 [ SQL语句 ] : INSERT INTO `shzu_imformation` (`username`,`password`) VALUES (null,null)
ERR: 1048:Column 'username' cannot be null
 [ SQL语句 ] : INSERT INTO `shzu_imformation` (`username`,`password`) VALUES (null,null)
ERR: 1048:Column 'username' cannot be null
 [ SQL语句 ] : INSERT INTO `shzu_imformation` (`username`,`password`) VALUES (null,null)
ERR: 1048:Column 'username' cannot be null
 [ SQL语句 ] : INSERT INTO `shzu_imformation` (`username`,`password`) VALUES (null,null)

